<?xml version="1.0" encoding="UTF-8"?>
<!-- Generated by org.testng.reporters.JUnitXMLReporter -->
<testsuite ignored="0" hostname="LTIN574512" failures="0" tests="2" name="Default test" time="18.221" errors="0" timestamp="2024-09-21T23:10:05 IST">
  <testcase classname="testcases.SearchTest" name="seachWithExsistingProductNameFromHomePage" time="0.515"/>
  <testcase classname="testcases.SearchTest" name="seachWithNonExsistingProductNameFromHomePage" time="1.575"/>
</testsuite> <!-- Default test -->
